  main.cpp
C:\Users\User\Documents\C++\lesson2\lesson2\Vector.h(22,14): error C2039: 'ostream': is not a member of 'std'
C:\Users\User\Documents\C++\lesson2\lesson2\predefined C++ types (compiler internal)(342): message : see declaration of 'std'
C:\Users\User\Documents\C++\lesson2\lesson2\Vector.h(22,21): error C2143: syntax error: missing ';' before '&'
C:\Users\User\Documents\C++\lesson2\lesson2\Vector.h(22,21): error C2433: 'ostream': 'friend' not permitted on data declarations
C:\Users\User\Documents\C++\lesson2\lesson2\Vector.h(22,21): error C4430: missing type specifier - int assumed. Note: C++ does not support default-int
C:\Users\User\Documents\C++\lesson2\lesson2\Vector.h(22,39): error C2039: 'ostream': is not a member of 'std'
C:\Users\User\Documents\C++\lesson2\lesson2\predefined C++ types (compiler internal)(342): message : see declaration of 'std'
C:\Users\User\Documents\C++\lesson2\lesson2\Vector.h(22,69): error C2238: unexpected token(s) preceding ';'
C:\Users\User\Documents\C++\lesson2\lesson2\Vector.h(33,36): warning C4227: anachronism used: qualifiers on reference are ignored
C:\Users\User\Documents\C++\lesson2\lesson2\Vector.h(34,37): warning C4227: anachronism used: qualifiers on reference are ignored
C:\Users\User\Documents\C++\lesson2\lesson2\Vector.h(35,36): warning C4227: anachronism used: qualifiers on reference are ignored
C:\Users\User\Documents\C++\lesson2\lesson2\Vector.h(36,37): warning C4227: anachronism used: qualifiers on reference are ignored
C:\Users\User\Documents\C++\lesson2\lesson2\main.cpp(47,13): error C2679: binary '<<': no operator found which takes a right-hand operand of type 'Vector' (or there is no acceptable conversion)
C:\Program Files\Microsoft Visual Studio\2022\Professional\VC\Tools\MSVC\14.33.31629\include\ostream(475,39): message : could be 'std::basic_ostream<char,std::char_traits<char>> &std::basic_ostream<char,std::char_traits<char>>::operator <<(std::basic_streambuf<char,std::char_traits<char>> *)'
C:\Program Files\Microsoft Visual Studio\2022\Professional\VC\Tools\MSVC\14.33.31629\include\ostream(443,39): message : or       'std::basic_ostream<char,std::char_traits<char>> &std::basic_ostream<char,std::char_traits<char>>::operator <<(const void *)'
C:\Program Files\Microsoft Visual Studio\2022\Professional\VC\Tools\MSVC\14.33.31629\include\ostream(425,39): message : or       'std::basic_ostream<char,std::char_traits<char>> &std::basic_ostream<char,std::char_traits<char>>::operator <<(long double)'
C:\Program Files\Microsoft Visual Studio\2022\Professional\VC\Tools\MSVC\14.33.31629\include\ostream(407,39): message : or       'std::basic_ostream<char,std::char_traits<char>> &std::basic_ostream<char,std::char_traits<char>>::operator <<(double)'
C:\Program Files\Microsoft Visual Studio\2022\Professional\VC\Tools\MSVC\14.33.31629\include\ostream(389,39): message : or       'std::basic_ostream<char,std::char_traits<char>> &std::basic_ostream<char,std::char_traits<char>>::operator <<(float)'
C:\Program Files\Microsoft Visual Studio\2022\Professional\VC\Tools\MSVC\14.33.31629\include\ostream(371,39): message : or       'std::basic_ostream<char,std::char_traits<char>> &std::basic_ostream<char,std::char_traits<char>>::operator <<(unsigned __int64)'
C:\Program Files\Microsoft Visual Studio\2022\Professional\VC\Tools\MSVC\14.33.31629\include\ostream(353,39): message : or       'std::basic_ostream<char,std::char_traits<char>> &std::basic_ostream<char,std::char_traits<char>>::operator <<(__int64)'
C:\Program Files\Microsoft Visual Studio\2022\Professional\VC\Tools\MSVC\14.33.31629\include\ostream(335,39): message : or       'std::basic_ostream<char,std::char_traits<char>> &std::basic_ostream<char,std::char_traits<char>>::operator <<(unsigned long)'
C:\Program Files\Microsoft Visual Studio\2022\Professional\VC\Tools\MSVC\14.33.31629\include\ostream(317,39): message : or       'std::basic_ostream<char,std::char_traits<char>> &std::basic_ostream<char,std::char_traits<char>>::operator <<(long)'
C:\Program Files\Microsoft Visual Studio\2022\Professional\VC\Tools\MSVC\14.33.31629\include\ostream(298,39): message : or       'std::basic_ostream<char,std::char_traits<char>> &std::basic_ostream<char,std::char_traits<char>>::operator <<(unsigned int)'
C:\Program Files\Microsoft Visual Studio\2022\Professional\VC\Tools\MSVC\14.33.31629\include\ostream(272,39): message : or       'std::basic_ostream<char,std::char_traits<char>> &std::basic_ostream<char,std::char_traits<char>>::operator <<(int)'
C:\Program Files\Microsoft Visual Studio\2022\Professional\VC\Tools\MSVC\14.33.31629\include\ostream(253,39): message : or       'std::basic_ostream<char,std::char_traits<char>> &std::basic_ostream<char,std::char_traits<char>>::operator <<(unsigned short)'
C:\Program Files\Microsoft Visual Studio\2022\Professional\VC\Tools\MSVC\14.33.31629\include\ostream(219,39): message : or       'std::basic_ostream<char,std::char_traits<char>> &std::basic_ostream<char,std::char_traits<char>>::operator <<(short)'
C:\Program Files\Microsoft Visual Studio\2022\Professional\VC\Tools\MSVC\14.33.31629\include\ostream(201,39): message : or       'std::basic_ostream<char,std::char_traits<char>> &std::basic_ostream<char,std::char_traits<char>>::operator <<(bool)'
C:\Program Files\Microsoft Visual Studio\2022\Professional\VC\Tools\MSVC\14.33.31629\include\ostream(195,39): message : or       'std::basic_ostream<char,std::char_traits<char>> &std::basic_ostream<char,std::char_traits<char>>::operator <<(std::ios_base &(__cdecl *)(std::ios_base &))'
C:\Program Files\Microsoft Visual Studio\2022\Professional\VC\Tools\MSVC\14.33.31629\include\ostream(189,39): message : or       'std::basic_ostream<char,std::char_traits<char>> &std::basic_ostream<char,std::char_traits<char>>::operator <<(std::basic_ios<char,std::char_traits<char>> &(__cdecl *)(std::basic_ios<char,std::char_traits<char>> &))'
C:\Program Files\Microsoft Visual Studio\2022\Professional\VC\Tools\MSVC\14.33.31629\include\ostream(184,39): message : or       'std::basic_ostream<char,std::char_traits<char>> &std::basic_ostream<char,std::char_traits<char>>::operator <<(std::basic_ostream<char,std::char_traits<char>> &(__cdecl *)(std::basic_ostream<char,std::char_traits<char>> &))'
C:\Users\User\Documents\C++\lesson2\lesson2\main.cpp(47,13): message : while trying to match the argument list '(std::basic_ostream<char,std::char_traits<char>>, Vector)'
  Vector.cpp
C:\Users\User\Documents\C++\lesson2\lesson2\Vector.h(22,14): error C2039: 'ostream': is not a member of 'std'
C:\Users\User\Documents\C++\lesson2\lesson2\predefined C++ types (compiler internal)(342): message : see declaration of 'std'
C:\Users\User\Documents\C++\lesson2\lesson2\Vector.h(22,21): error C2143: syntax error: missing ';' before '&'
C:\Users\User\Documents\C++\lesson2\lesson2\Vector.h(22,21): error C2433: 'ostream': 'friend' not permitted on data declarations
C:\Users\User\Documents\C++\lesson2\lesson2\Vector.h(22,21): error C4430: missing type specifier - int assumed. Note: C++ does not support default-int
C:\Users\User\Documents\C++\lesson2\lesson2\Vector.h(22,39): error C2039: 'ostream': is not a member of 'std'
C:\Users\User\Documents\C++\lesson2\lesson2\predefined C++ types (compiler internal)(342): message : see declaration of 'std'
C:\Users\User\Documents\C++\lesson2\lesson2\Vector.h(22,69): error C2238: unexpected token(s) preceding ';'
C:\Users\User\Documents\C++\lesson2\lesson2\Vector.h(33,36): warning C4227: anachronism used: qualifiers on reference are ignored
C:\Users\User\Documents\C++\lesson2\lesson2\Vector.h(34,37): warning C4227: anachronism used: qualifiers on reference are ignored
C:\Users\User\Documents\C++\lesson2\lesson2\Vector.h(35,36): warning C4227: anachronism used: qualifiers on reference are ignored
C:\Users\User\Documents\C++\lesson2\lesson2\Vector.h(36,37): warning C4227: anachronism used: qualifiers on reference are ignored
C:\Users\User\Documents\C++\lesson2\lesson2\Vector.cpp(157,13): warning C4244: 'argument': conversion from 'double' to 'int', possible loss of data
  Generating Code...
